c[?7l[2J[0mSeaBIOS (version 1.15.0-1)


iPXE (https://ipxe.org) 00:03.0 CA00 PCI2.10 PnP PMM+07F8B4A0+07ECB4A0 CA00
Press Ctrl-B to configure iPXE (PCI 00:03.0)...                                                                               


Booting from Hard Disk..(THU.CST) os is loading ...

Special kernel symbols:
  entry  0xc0100036 (phys)
  etext  0xc0105f91 (phys)
  edata  0xc011b000 (phys)
  end    0xc011bf2c (phys)
Kernel executable memory footprint: 112KB
ebp: 0xc0117f38 eip: 0xc01009e8 args:0x00010094 0x00010094 0xc0117f68 0xc01000c4
    kern/debug/kdebug.c:324: print_stackframe+24
ebp: 0xc0117f48 eip: 0xc0100cea args:0x00000000 0x00000000 0x00000000 0xc0117fb8
    kern/debug/kmonitor.c:129: mon_backtrace+10
ebp: 0xc0117f68 eip: 0xc01000c4 args:0x00000000 0xc0117f90 0xffff0000 0xc0117f94
    kern/init/init.c:51: grade_backtrace2+33
ebp: 0xc0117f88 eip: 0xc01000f2 args:0x00000000 0xffff0000 0xc0117fb4 0x0000002a
    kern/init/init.c:57: grade_backtrace1+40
ebp: 0xc0117fa8 eip: 0xc0100112 args:0x00000000 0xc0100036 0xffff0000 0x0000001d
    kern/init/init.c:63: grade_backtrace0+23
ebp: 0xc0117fc8 eip: 0xc010013a args:0xc0105fbc 0xc0105fa0 0x00000f2c 0x00000000
    kern/init/init.c:68: grade_backtrace+34
ebp: 0xc0117ff8 eip: 0xc0100087 args:0xc0106168 0xc0106170 0xc0100c6e 0xc010618f
    kern/init/init.c:29: kern_init+80
ebp: 0x00000000 eip: 0xc0100034 