c[?7l[2J[0mSeaBIOS (version 1.15.0-1)


iPXE (https://ipxe.org) 00:03.0 CA00 PCI2.10 PnP PMM+07F8B4A0+07ECB4A0 CA00
Press Ctrl-B to configure iPXE (PCI 00:03.0)...                                                                               


Booting from Hard Disk..(THU.CST) os is loading ...

Special kernel symbols:
  entry  0xc0100036 (phys)
  etext  0xc0106ce2 (phys)
  edata  0xc011e000 (phys)
  end    0xc011ef2c (phys)
Kernel executable memory footprint: 124KB
ebp:0xc011af38 eip:0xc01009ea args:0x00010094 0x00010094 0xc011af68 0xc01000c9 
    kern/debug/kdebug.c:335: print_stackframe+21
ebp:0xc011af48 eip:0xc0100ce1 args:0x00000000 0x00000000 0x00000000 0xc011afb8 
    kern/debug/kmonitor.c:145: mon_backtrace+10
ebp:0xc011af68 eip:0xc01000c9 args:0x00000000 0xc011af90 0xffff0000 0xc011af94 
    kern/init/init.c:50: grade_backtrace2+33
ebp:0xc011af88 eip:0xc01000f7 args:0x00000000 0xffff0000 0xc011afb4 0x0000002a 
    kern/init/init.c:56: grade_backtrace1+40
ebp:0xc011afa8 eip:0xc0100117 args:0x00000000 0xc0100036 0xffff0000 0x0000001d 
    kern/init/init.c:62: grade_backtrace0+23
ebp:0xc011afc8 eip:0xc010013f args:0xc0106d1c 0xc0106d00 0x00000f2c 0x00000000 
    kern/init/init.c:67: grade_backtrace+34
ebp:0xc011aff8 eip:0xc0100087 args:0xc0106eb0 0xc0106eb8 0xc0100c65 0xc0106ed7 
    kern/init/init.c:28: kern_init+80
memory management: default_pmm_manager
e820map:
  memory: 0009fc00, [00000000, 0009fbff], type = 1.
  memory: 00000400, [0009fc00, 0009ffff], type = 2.
  memory: 00010000, [000f0000, 000fffff], type = 2.
  memory: 07ee0000, [00100000, 07fdffff], type = 1.
  memory: 00020000, [07fe0000, 07ffffff], type = 2.
  memory: 00040000, [fffc0000, ffffffff], type = 2.
check_alloc_page() succeeded!
check_pgdir() succeeded!
check_boot_pgdir() succeeded!
-------------------- BEGIN --------------------
PDE(0e0) c0000000-f8000000 38000000 urw
  |-- PTE(38000) c0000000-f8000000 38000000 -rw
PDE(001) fac00000-fb000000 00400000 -rw
  |-- PTE(000e0) faf00000-fafe0000 000e0000 urw
  |-- PTE(00001) fafeb000-fafec000 00001000 -rw
--------------------- END ---------------------
++ setup timer interrupts
0: @ring 0
0:  cs = 8
0:  ds = 10
0:  es = 10
0:  ss = 10
+++ switch to  user  mode +++
100 ticks
End of Test.
kernel panic at kern/trap/trap.c:19:
    EOT: kernel seems ok.
stack trackback:
ebp:0xc011af08 eip:0xc01009ea args:0xc0106fe4 0xc011af4c 0x00000013 0xc010035e 
    kern/debug/kdebug.c:335: print_stackframe+21
ebp:0xc011af38 eip:0xc0100d52 args:0xc010708e 0x00000013 0xc0107078 0xc010035e 
    kern/debug/panic.c:28: __panic+103
ebp:0xc011af58 eip:0xc0101969 args:0x00010094 0xc011afa8 0xc011af7c 0x00010094 
    kern/trap/trap.c:0: print_ticks+65
ebp:0xc011af88 eip:0xc0101e17 args:0xc011afb4 0xc010020b 0x0000001b 0x00003282 
    kern/trap/trap.c:189: trap_dispatch+134
ebp:0xc011afa8 eip:0xc0101f6c args:0xc011afb4 0x0000807c 0x00010094 0xc011afa8 
    kern/trap/trap.c:239: trap+16
ebp:0xc011afa8 eip:0xc0101f87 args:0xc011afb4 0x0000807c 0x00010094 0xc011afa8 
    kern/trap/trapentry.S:24: <unknown>+0
ebp:0xc011afa8 eip:0xc0101f87 args:0xc011afb4 0x0000807c 0x00010094 0xc011afa8 
    kern/trap/trapentry.S:24: <unknown>+0
ebp:0xc011afa8 eip:0xc0101f87 args:0xc011afb4 0x0000807c 0x00010094 0xc011afa8 
    kern/trap/trapentry.S:24: <unknown>+0
ebp:0xc011afa8 eip:0xc0101f87 args:0xc011afb4 0x0000807c 0x00010094 0xc011afa8 
    kern/trap/trapentry.S:24: <unknown>+0
ebp:0xc011afa8 eip:0xc0101f87 args:0xc011afb4 0x0000807c 0x00010094 0xc011afa8 
    kern/trap/trapentry.S:24: <unknown>+0
ebp:0xc011afa8 eip:0xc0101f87 args:0xc011afb4 0x0000807c 0x00010094 0xc011afa8 
    kern/trap/trapentry.S:24: <unknown>+0
ebp:0xc011afa8 eip:0xc0101f87 args:0xc011afb4 0x0000807c 0x00010094 0xc011afa8 
    kern/trap/trapentry.S:24: <unknown>+0
ebp:0xc011afa8 eip:0xc0101f87 args:0xc011afb4 0x0000807c 0x00010094 0xc011afa8 
    kern/trap/trapentry.S:24: <unknown>+0
ebp:0xc011afa8 eip:0xc0101f87 args:0xc011afb4 0x0000807c 0x00010094 0xc011afa8 
    kern/trap/trapentry.S:24: <unknown>+0
ebp:0xc011afa8 eip:0xc0101f87 args:0xc011afb4 0x0000807c 0x00010094 0xc011afa8 
    kern/trap/trapentry.S:24: <unknown>+0
ebp:0xc011afa8 eip:0xc0101f87 args:0xc011afb4 0x0000807c 0x00010094 0xc011afa8 
    kern/trap/trapentry.S:24: <unknown>+0
ebp:0xc011afa8 eip:0xc0101f87 args:0xc011afb4 0x0000807c 0x00010094 0xc011afa8 
    kern/trap/trapentry.S:24: <unknown>+0
ebp:0xc011afa8 eip:0xc0101f87 args:0xc011afb4 0x0000807c 0x00010094 0xc011afa8 
    kern/trap/trapentry.S:24: <unknown>+0
ebp:0xc011afa8 eip:0xc0101f87 args:0xc011afb4 0x0000807c 0x00010094 0xc011afa8 
    kern/trap/trapentry.S:24: <unknown>+0
ebp:0xc011afa8 eip:0xc0101f87 args:0xc011afb4 0x0000807c 0x00010094 0xc011afa8 
    kern/trap/trapentry.S:24: <unknown>+0
Welcome to the kernel debug monitor!!
Type 'help' for a list of commands.
K> 