c[?7l[2J[0mSeaBIOS (version 1.15.0-1)


iPXE (https://ipxe.org) 00:03.0 CA00 PCI2.10 PnP PMM+07F8B4A0+07ECB4A0 CA00
Press Ctrl-B to configure iPXE (PCI 00:03.0)...                                                                               


Booting from Hard Disk..(THU.CST) os is loading ...

Special kernel symbols:
  entry  0x00100000 (phys)
  etext  0x0010357e (phys)
  edata  0x0010fa16 (phys)
  end    0x00110d68 (phys)
Kernel executable memory footprint: 68KB
ebp:0x00007b38 eip:0x00100967 args:0x00010094 0x00010094 0x00007b68 0x00100080 
    kern/debug/kdebug.c:305: print_stackframe+21
ebp:0x00007b48 eip:0x00100c63 args:0x00000000 0x00000000 0x00000000 0x00007bb8 
    kern/debug/kmonitor.c:125: mon_backtrace+10
ebp:0x00007b68 eip:0x00100080 args:0x00000000 0x00007b90 0xffff0000 0x00007b94 
    kern/init/init.c:48: grade_backtrace2+19
ebp:0x00007b88 eip:0x001000a2 args:0x00000000 0xffff0000 0x00007bb4 0x00000029 
    kern/init/init.c:53: grade_backtrace1+27
ebp:0x00007ba8 eip:0x001000bf args:0x00000000 0x00100000 0xffff0000 0x0010003f 
    kern/init/init.c:58: grade_backtrace0+19
ebp:0x00007bc8 eip:0x001000e0 args:0x00000000 0x00000000 0x00000000 0x00103580 
    kern/init/init.c:63: grade_backtrace+26
ebp:0x00007be8 eip:0x0010004c args:0x00000000 0x00000000 0x00000000 0x00007c4f 
    kern/init/init.c:28: kern_init+75
ebp:0x00007bf8 eip:0x00007d72 args:0xc031fcfa 0xc08ed88e 0x64e4d08e 0xfa7502a8 
    <unknow>: -- 0x00007d71 --
++ setup timer interrupts
0: @ring 0
0:  cs = 8
0:  ds = 10
0:  es = 10
0:  ss = 10
+++ switch to  user  mode +++
1: @ring 3
1:  cs = 1b
1:  ds = 23
1:  es = 23
1:  ss = 23
+++ switch to kernel mode +++
2: @ring 0
2:  cs = 8
2:  ds = 10
2:  es = 10
2:  ss = 10
100 ticks
End of Test.
kernel panic at kern/trap/trap.c:18:
    EOT: kernel seems ok.
stack trackback:
ebp:0x00007af0 eip:0x00100967 args:0x00000020 0x00102c84 0x00007b1c 0x00007b24 
    kern/debug/kdebug.c:305: print_stackframe+21
ebp:0x00007b10 eip:0x00100cd6 args:0x0010390e 0x00000012 0x001038f8 0x00010094 
    kern/debug/panic.c:27: __panic+107
ebp:0x00007b30 eip:0x00101859 args:0x001035e7 0x00007b9c 0x00010094 0x00010094 
    kern/trap/trap.c:0: print_ticks+59
ebp:0x00007b60 eip:0x00101d43 args:0x00007b8c 0x0000001e 0x00010094 0x00000000 
    kern/trap/trap.c:164: trap_dispatch+150
ebp:0x00007b80 eip:0x00101ee4 args:0x00007b8c 0x00000000 0x00010094 0x00007be8 
    kern/trap/trap.c:223: trap+16
ebp:0x00007be8 eip:0x00101f00 args:0x00000000 0x00000000 0x00000000 0x00007c4f 
    kern/trap/trapentry.S:24: <unknown>+0
ebp:0x00007bf8 eip:0x00007d72 args:0xc031fcfa 0xc08ed88e 0x64e4d08e 0xfa7502a8 
    <unknow>: -- 0x00007d71 --
Welcome to the kernel debug monitor!!
Type 'help' for a list of commands.
K> 