c[?7l[2J[0mSeaBIOS (version 1.15.0-1)


iPXE (https://ipxe.org) 00:03.0 CA00 PCI2.10 PnP PMM+07F8B4A0+07ECB4A0 CA00
Press Ctrl-B to configure iPXE (PCI 00:03.0)...                                                                               


Booting from Hard Disk..(THU.CST) os is loading ...

Special kernel symbols:
  entry  0x00100000 (phys)
  etext  0x001035dc (phys)
  edata  0x0010fa16 (phys)
  end    0x00110d68 (phys)
Kernel executable memory footprint: 68KB
ebp: 0x00007b28 eip: 0x001009b7 args:0x00010094 0x00010094 0x00007b58 0x00100093
    kern/debug/kdebug.c:307: print_stackframe+24
ebp: 0x00007b38 eip: 0x00100cb9 args:0x00000000 0x00000000 0x00000000 0x00007ba8
    kern/debug/kmonitor.c:125: mon_backtrace+10
ebp: 0x00007b58 eip: 0x00100093 args:0x00000000 0x00007b80 0xffff0000 0x00007b84
    kern/init/init.c:50: grade_backtrace2+33
ebp: 0x00007b78 eip: 0x001000c1 args:0x00000000 0xffff0000 0x00007ba4 0x00000029
    kern/init/init.c:56: grade_backtrace1+40
ebp: 0x00007b98 eip: 0x001000e1 args:0x00000000 0x00100000 0xffff0000 0x0000001d
    kern/init/init.c:62: grade_backtrace0+23
ebp: 0x00007bb8 eip: 0x00100109 args:0x001035fc 0x001035e0 0x00001352 0x00000000
    kern/init/init.c:67: grade_backtrace+34
ebp: 0x00007be8 eip: 0x00100051 args:0x00000000 0x00000000 0x00000000 0x00007c4f
    kern/init/init.c:28: kern_init+80
ebp: 0x00007bf8 eip: 0x00007d72 args:0xc031fcfa 0xc08ed88e 0x64e4d08e 0xfa7502a8
    <unknow>: -- 0x00007d71 --
ebp: 0x00000000 eip: 0x00007c4f args:0xf000e2c3 0xf000ff53 0xf000ff53 0xf000ff54
    <unknow>: -- 0x00007c4e --
ebp: 0xf000ff53 eip: 0xf000ff53 args:0x00000000 0x00000000 0x00000000 0x00000000
    <unknow>: -- 0xf000ff52 --
ebp: 0x00000000 eip: 0x00000000 args:0xf000e2c3 0xf000ff53 0xf000ff53 0xf000ff54
    <unknow>: -- 0xffffffff --
ebp: 0xf000ff53 eip: 0xf000ff53 args:0x00000000 0x00000000 0x00000000 0x00000000
    <unknow>: -- 0xf000ff52 --
ebp: 0x00000000 eip: 0x00000000 args:0xf000e2c3 0xf000ff53 0xf000ff53 0xf000ff54
    <unknow>: -- 0xffffffff --
ebp: 0xf000ff53 eip: 0xf000ff53 args:0x00000000 0x00000000 0x00000000 0x00000000
    <unknow>: -- 0xf000ff52 --
ebp: 0x00000000 eip: 0x00000000 args:0xf000e2c3 0xf000ff53 0xf000ff53 0xf000ff54
    <unknow>: -- 0xffffffff --
ebp: 0xf000ff53 eip: 0xf000ff53 args:0x00000000 0x00000000 0x00000000 0x00000000
    <unknow>: -- 0xf000ff52 --
ebp: 0x00000000 eip: 0x00000000 args:0xf000e2c3 0xf000ff53 0xf000ff53 0xf000ff54
    <unknow>: -- 0xffffffff --
ebp: 0xf000ff53 eip: 0xf000ff53 args:0x00000000 0x00000000 0x00000000 0x00000000
    <unknow>: -- 0xf000ff52 --
ebp: 0x00000000 eip: 0x00000000 args:0xf000e2c3 0xf000ff53 0xf000ff53 0xf000ff54
    <unknow>: -- 0xffffffff --
ebp: 0xf000ff53 eip: 0xf000ff53 args:0x00000000 0x00000000 0x00000000 0x00000000
    <unknow>: -- 0xf000ff52 --
ebp: 0x00000000 eip: 0x00000000 args:0xf000e2c3 0xf000ff53 0xf000ff53 0xf000ff54
    <unknow>: -- 0xffffffff --
++ setup timer interrupts
0: @ring 0
0:  cs = 8
0:  ds = 10
0:  es = 10
0:  ss = 10
+++ switch to  user  mode +++
1: @ring 3
1:  cs = 1b
1:  ds = 23
1:  es = 23
1:  ss = 23
+++ switch to kernel mode +++
2: @ring 0
2:  cs = 8
2:  ds = 10
2:  es = 10
2:  ss = 10
100 ticks
End of Test.
kernel panic at kern/trap/trap.c:19:
    EOT: kernel seems ok.
stack trackback:
ebp: 0x00007ad0 eip: 0x001009b7 args:0x001038dc 0x00007b14 0x00000013 0x00000000
    kern/debug/kdebug.c:307: print_stackframe+24
ebp: 0x00007b00 eip: 0x00100d2a args:0x0010398e 0x00000013 0x00103978 0x00007b2c
    kern/debug/panic.c:27: __panic+103
ebp: 0x00007b20 eip: 0x001018d9 args:0x00007b4c 0x0000000c 0x00010094 0x00010094
    kern/trap/trap.c:0: print_ticks+65
ebp: 0x00007b50 eip: 0x00101d87 args:0x00007b7c 0x0000000c 0x00103667 0x00000000
    kern/trap/trap.c:192: trap_dispatch+134
ebp: 0x00007b70 eip: 0x00101edc args:0x00007b7c 0x00000000 0x00010094 0x00007be8
    kern/trap/trap.c:242: trap+16
ebp: 0x00007be8 eip: 0x00101ef7 args:0x00000000 0x00000000 0x00000000 0x00007c4f
    kern/trap/trapentry.S:24: <unknown>+0
ebp: 0x00007bf8 eip: 0x00007d72 args:0xc031fcfa 0xc08ed88e 0x64e4d08e 0xfa7502a8
    <unknow>: -- 0x00007d71 --
ebp: 0x00000000 eip: 0x00007c4f args:0xf000e2c3 0xf000ff53 0xf000ff53 0xf000ff54
    <unknow>: -- 0x00007c4e --
ebp: 0xf000ff53 eip: 0xf000ff53 args:0x00000000 0x00000000 0x00000000 0x00000000
    <unknow>: -- 0xf000ff52 --
ebp: 0x00000000 eip: 0x00000000 args:0xf000e2c3 0xf000ff53 0xf000ff53 0xf000ff54
    <unknow>: -- 0xffffffff --
ebp: 0xf000ff53 eip: 0xf000ff53 args:0x00000000 0x00000000 0x00000000 0x00000000
    <unknow>: -- 0xf000ff52 --
ebp: 0x00000000 eip: 0x00000000 args:0xf000e2c3 0xf000ff53 0xf000ff53 0xf000ff54
    <unknow>: -- 0xffffffff --
ebp: 0xf000ff53 eip: 0xf000ff53 args:0x00000000 0x00000000 0x00000000 0x00000000
    <unknow>: -- 0xf000ff52 --
ebp: 0x00000000 eip: 0x00000000 args:0xf000e2c3 0xf000ff53 0xf000ff53 0xf000ff54
    <unknow>: -- 0xffffffff --
ebp: 0xf000ff53 eip: 0xf000ff53 args:0x00000000 0x00000000 0x00000000 0x00000000
    <unknow>: -- 0xf000ff52 --
ebp: 0x00000000 eip: 0x00000000 args:0xf000e2c3 0xf000ff53 0xf000ff53 0xf000ff54
    <unknow>: -- 0xffffffff --
ebp: 0xf000ff53 eip: 0xf000ff53 args:0x00000000 0x00000000 0x00000000 0x00000000
    <unknow>: -- 0xf000ff52 --
ebp: 0x00000000 eip: 0x00000000 args:0xf000e2c3 0xf000ff53 0xf000ff53 0xf000ff54
    <unknow>: -- 0xffffffff --
ebp: 0xf000ff53 eip: 0xf000ff53 args:0x00000000 0x00000000 0x00000000 0x00000000
    <unknow>: -- 0xf000ff52 --
ebp: 0x00000000 eip: 0x00000000 args:0xf000e2c3 0xf000ff53 0xf000ff53 0xf000ff54
    <unknow>: -- 0xffffffff --
ebp: 0xf000ff53 eip: 0xf000ff53 args:0x00000000 0x00000000 0x00000000 0x00000000
    <unknow>: -- 0xf000ff52 --
Welcome to the kernel debug monitor!!
Type 'help' for a list of commands.
K> 